<?xml version="1.0" encoding="UTF-8"?>
<robot generator="Robot 4.1.1 (Python 3.9.7 on win32)" generated="20211002 17:23:34.295" rpa="false" schemaversion="2">
<suite id="s1" name="Tests" source="C:\Cursos\QA Ninja\Robot\robot-beginner-qaninja-main\web\tests">
<suite id="s1-s1" name="Checkbox" source="C:\Cursos\QA Ninja\Robot\robot-beginner-qaninja-main\web\tests\checkbox.robot">
<test id="s1-s1-t1" name="Marcando opção com Id">
<kw name="Nova sessão" library="base" type="SETUP">
<kw name="Open Browser" library="SeleniumLibrary">
<arg>${url}</arg>
<arg>chrome</arg>
<doc>Opens a new browser instance to the optional ``url``.</doc>
<msg timestamp="20211002 17:23:34.527" level="INFO">Opening browser 'chrome' to base url 'https://training-wheels-protocol.herokuapp.com/'.</msg>
<status status="PASS" starttime="20211002 17:23:34.527" endtime="20211002 17:23:38.495"/>
</kw>
<status status="PASS" starttime="20211002 17:23:34.527" endtime="20211002 17:23:38.496"/>
</kw>
<kw name="Go To" library="SeleniumLibrary">
<arg>${url}/checkboxes</arg>
<doc>Navigates the current browser window to the provided ``url``.</doc>
<msg timestamp="20211002 17:23:38.498" level="INFO">Opening url 'https://training-wheels-protocol.herokuapp.com//checkboxes'</msg>
<status status="PASS" starttime="20211002 17:23:38.498" endtime="20211002 17:23:38.832"/>
</kw>
<kw name="Select Checkbox" library="SeleniumLibrary">
<arg>${check_thor}</arg>
<doc>Selects the checkbox identified by ``locator``.</doc>
<msg timestamp="20211002 17:23:38.834" level="INFO">Selecting checkbox 'id:thor'.</msg>
<status status="PASS" starttime="20211002 17:23:38.833" endtime="20211002 17:23:38.910"/>
</kw>
<kw name="Checkbox Should Be Selected" library="SeleniumLibrary">
<arg>${check_thor}</arg>
<doc>Verifies checkbox ``locator`` is selected/checked.</doc>
<msg timestamp="20211002 17:23:38.912" level="INFO">Verifying checkbox 'id:thor' is selected.</msg>
<status status="PASS" starttime="20211002 17:23:38.911" endtime="20211002 17:23:38.944"/>
</kw>
<kw name="Encerra sessão" library="base" type="TEARDOWN">
<kw name="Close Browser" library="SeleniumLibrary">
<doc>Closes the current browser.</doc>
<status status="PASS" starttime="20211002 17:23:38.945" endtime="20211002 17:23:41.110"/>
</kw>
<status status="PASS" starttime="20211002 17:23:38.945" endtime="20211002 17:23:41.111"/>
</kw>
<status status="PASS" starttime="20211002 17:23:34.526" endtime="20211002 17:23:41.113"/>
</test>
<test id="s1-s1-t2" name="Marcando opção com CSS Selector">
<kw name="Nova sessão" library="base" type="SETUP">
<kw name="Open Browser" library="SeleniumLibrary">
<arg>${url}</arg>
<arg>chrome</arg>
<doc>Opens a new browser instance to the optional ``url``.</doc>
<msg timestamp="20211002 17:23:41.123" level="INFO">Opening browser 'chrome' to base url 'https://training-wheels-protocol.herokuapp.com/'.</msg>
<status status="PASS" starttime="20211002 17:23:41.121" endtime="20211002 17:23:45.210"/>
</kw>
<status status="PASS" starttime="20211002 17:23:41.120" endtime="20211002 17:23:45.211"/>
</kw>
<kw name="Go To" library="SeleniumLibrary">
<arg>${url}/checkboxes</arg>
<doc>Navigates the current browser window to the provided ``url``.</doc>
<msg timestamp="20211002 17:23:45.214" level="INFO">Opening url 'https://training-wheels-protocol.herokuapp.com//checkboxes'</msg>
<status status="PASS" starttime="20211002 17:23:45.213" endtime="20211002 17:23:45.541"/>
</kw>
<kw name="Select Checkbox" library="SeleniumLibrary">
<arg>${check_iron}</arg>
<doc>Selects the checkbox identified by ``locator``.</doc>
<msg timestamp="20211002 17:23:45.542" level="INFO">Selecting checkbox 'css:input[value='iron-man']'.</msg>
<status status="PASS" starttime="20211002 17:23:45.541" endtime="20211002 17:23:45.612"/>
</kw>
<kw name="Checkbox Should Be Selected" library="SeleniumLibrary">
<arg>${check_iron}</arg>
<doc>Verifies checkbox ``locator`` is selected/checked.</doc>
<msg timestamp="20211002 17:23:45.615" level="INFO">Verifying checkbox 'css:input[value='iron-man']' is selected.</msg>
<status status="PASS" starttime="20211002 17:23:45.613" endtime="20211002 17:23:45.640"/>
</kw>
<kw name="Encerra sessão" library="base" type="TEARDOWN">
<kw name="Close Browser" library="SeleniumLibrary">
<doc>Closes the current browser.</doc>
<status status="PASS" starttime="20211002 17:23:45.641" endtime="20211002 17:23:47.779"/>
</kw>
<status status="PASS" starttime="20211002 17:23:45.641" endtime="20211002 17:23:47.780"/>
</kw>
<status status="PASS" starttime="20211002 17:23:41.117" endtime="20211002 17:23:47.782"/>
</test>
<test id="s1-s1-t3" name="Marcando opção com Xpath">
<kw name="Nova sessão" library="base" type="SETUP">
<kw name="Open Browser" library="SeleniumLibrary">
<arg>${url}</arg>
<arg>chrome</arg>
<doc>Opens a new browser instance to the optional ``url``.</doc>
<msg timestamp="20211002 17:23:47.796" level="INFO">Opening browser 'chrome' to base url 'https://training-wheels-protocol.herokuapp.com/'.</msg>
<status status="PASS" starttime="20211002 17:23:47.794" endtime="20211002 17:23:51.943"/>
</kw>
<status status="PASS" starttime="20211002 17:23:47.793" endtime="20211002 17:23:51.943"/>
</kw>
<kw name="Go To" library="SeleniumLibrary">
<arg>${url}/checkboxes</arg>
<doc>Navigates the current browser window to the provided ``url``.</doc>
<msg timestamp="20211002 17:23:51.945" level="INFO">Opening url 'https://training-wheels-protocol.herokuapp.com//checkboxes'</msg>
<status status="PASS" starttime="20211002 17:23:51.944" endtime="20211002 17:23:52.240"/>
</kw>
<kw name="Select Checkbox" library="SeleniumLibrary">
<arg>${check_panther}</arg>
<doc>Selects the checkbox identified by ``locator``.</doc>
<msg timestamp="20211002 17:23:52.241" level="INFO">Selecting checkbox 'xpath://*[@id='checkboxes']/input[7]'.</msg>
<status status="PASS" starttime="20211002 17:23:52.241" endtime="20211002 17:23:52.310"/>
</kw>
<kw name="Checkbox Should Be Selected" library="SeleniumLibrary">
<arg>${check_panther}</arg>
<doc>Verifies checkbox ``locator`` is selected/checked.</doc>
<msg timestamp="20211002 17:23:52.311" level="INFO">Verifying checkbox 'xpath://*[@id='checkboxes']/input[7]' is selected.</msg>
<status status="PASS" starttime="20211002 17:23:52.310" endtime="20211002 17:23:52.337"/>
</kw>
<kw name="Encerra sessão" library="base" type="TEARDOWN">
<kw name="Close Browser" library="SeleniumLibrary">
<doc>Closes the current browser.</doc>
<status status="PASS" starttime="20211002 17:23:52.338" endtime="20211002 17:23:54.465"/>
</kw>
<status status="PASS" starttime="20211002 17:23:52.337" endtime="20211002 17:23:54.466"/>
</kw>
<tag>panther</tag>
<status status="PASS" starttime="20211002 17:23:47.790" endtime="20211002 17:23:54.467"/>
</test>
<status status="PASS" starttime="20211002 17:23:34.326" endtime="20211002 17:23:54.476"/>
</suite>
<suite id="s1-s2" name="Title" source="C:\Cursos\QA Ninja\Robot\robot-beginner-qaninja-main\web\tests\title.robot">
<test id="s1-s2-t1" name="Validar título da página">
<kw name="Nova sessão" library="base" type="SETUP">
<kw name="Open Browser" library="SeleniumLibrary">
<arg>${url}</arg>
<arg>chrome</arg>
<doc>Opens a new browser instance to the optional ``url``.</doc>
<msg timestamp="20211002 17:23:54.503" level="INFO">Opening browser 'chrome' to base url 'https://training-wheels-protocol.herokuapp.com/'.</msg>
<status status="PASS" starttime="20211002 17:23:54.502" endtime="20211002 17:23:58.551"/>
</kw>
<status status="PASS" starttime="20211002 17:23:54.502" endtime="20211002 17:23:58.552"/>
</kw>
<kw name="Title Should Be" library="SeleniumLibrary">
<arg>Training Wheels Protocol</arg>
<doc>Verifies that the current page title equals ``title``.</doc>
<msg timestamp="20211002 17:23:58.562" level="INFO">Page title is 'Training Wheels Protocol'.</msg>
<status status="PASS" starttime="20211002 17:23:58.554" endtime="20211002 17:23:58.562"/>
</kw>
<kw name="Encerra sessão" library="base" type="TEARDOWN">
<kw name="Close Browser" library="SeleniumLibrary">
<doc>Closes the current browser.</doc>
<status status="PASS" starttime="20211002 17:23:58.564" endtime="20211002 17:24:00.729"/>
</kw>
<status status="PASS" starttime="20211002 17:23:58.563" endtime="20211002 17:24:00.730"/>
</kw>
<status status="PASS" starttime="20211002 17:23:54.501" endtime="20211002 17:24:00.733"/>
</test>
<status status="PASS" starttime="20211002 17:23:54.489" endtime="20211002 17:24:00.741"/>
</suite>
<status status="PASS" starttime="20211002 17:23:34.297" endtime="20211002 17:24:00.753"/>
</suite>
<statistics>
<total>
<stat pass="4" fail="0" skip="0">All Tests</stat>
</total>
<tag>
<stat pass="1" fail="0" skip="0">panther</stat>
</tag>
<suite>
<stat pass="4" fail="0" skip="0" id="s1" name="Tests">Tests</stat>
<stat pass="3" fail="0" skip="0" id="s1-s1" name="Checkbox">Tests.Checkbox</stat>
<stat pass="1" fail="0" skip="0" id="s1-s2" name="Title">Tests.Title</stat>
</suite>
</statistics>
<errors>
</errors>
</robot>
